2020-03-24T13:08:55+00:00 CRITICAL Uncaught UnexpectedValueException: RecursiveDirectoryIterator::__construct(/home/i/infovokh/body-repair.vold74.ru/public_html/wp-content/uploads/wp-less): failed to open dir: No such file or directory in /home/i/infovokh/body-repair.vold74.ru/public_html/wp-content/plugins/wp-less/lib/Garbagecollector.class.php:47
Stack trace:
#0 /home/i/infovokh/body-repair.vold74.ru/public_html/wp-content/plugins/wp-less/lib/Garbagecollector.class.php(47): RecursiveDirectoryIterator->__construct('/home/i/infovok...')
#1 /home/i/infovokh/body-repair.vold74.ru/public_html/wp-content/plugins/wp-less/lib/Garbagecollector.class.php(28): WPLessGarbagecollector->getOutdatedFiles(432000)
#2 /home/i/infovokh/body-repair.vold74.ru/public_html/wp-includes/class-wp-hook.php(288): WPLessGarbagecollector->clean()
#3 /home/i/infovokh/body-repair.vold74.ru/public_html/wp-includes/class-wp-hook.php(312): WP_Hook->apply_filters('', Array)
#4 /home/i/infovokh/body-repair.vold74.ru/public_html/wp-includes/plugin.php(544): WP_Hook->do_action(Ar в /home/i/infovokh/body-repair.vold74.ru/public_html/wp-content/plugins/wp-less/lib/Garbagecollector.class.php на строке 47

2020-03-24T13:28:49+00:00 CRITICAL Uncaught Error: Call to a member function get_price() on bool in /home/i/infovokh/body-repair.vold74.ru/public_html/wp-content/themes/template/Controllers/PostsAndTax/PostProduct.php:46
Stack trace:
#0 /home/i/infovokh/body-repair.vold74.ru/public_html/wp-content/themes/template/Controllers/PostsAndTax/PostProduct.php(28): Controllers\PostsAndTax\PostProduct->set_price()
#1 /home/i/infovokh/body-repair.vold74.ru/public_html/wp-content/themes/template/Controllers/UploadAttachmentBySku/UploadAttachmentBySku.php(76): Controllers\PostsAndTax\PostProduct->__construct(NULL)
#2 /home/i/infovokh/body-repair.vold74.ru/public_html/wp-includes/class-wp-hook.php(290): Controllers\UploadAttachmentBySku\UploadAttachmentBySku->handler_by_save_post(719)
#3 /home/i/infovokh/body-repair.vold74.ru/public_html/wp-includes/class-wp-hook.php(312): WP_Hook->apply_filters(NULL, Array)
#4 /home/i/infovokh/body-repair.vold74.ru/public_html/wp-includes/plugin.php(478): WP_Hook->do_action(Array)
#5 /home/i/infovokh/body-repair.vold74.ru в /home/i/infovokh/body-repair.vold74.ru/public_html/wp-content/themes/template/Controllers/PostsAndTax/PostProduct.php на строке 46

2020-03-24T13:30:06+00:00 CRITICAL Uncaught Error: Call to a member function get_price() on bool in /home/i/infovokh/body-repair.vold74.ru/public_html/wp-content/themes/template/Controllers/PostsAndTax/PostProduct.php:46
Stack trace:
#0 /home/i/infovokh/body-repair.vold74.ru/public_html/wp-content/themes/template/Controllers/PostsAndTax/PostProduct.php(28): Controllers\PostsAndTax\PostProduct->set_price()
#1 /home/i/infovokh/body-repair.vold74.ru/public_html/wp-content/themes/template/Controllers/UploadAttachmentBySku/UploadAttachmentBySku.php(76): Controllers\PostsAndTax\PostProduct->__construct(NULL)
#2 /home/i/infovokh/body-repair.vold74.ru/public_html/wp-includes/class-wp-hook.php(290): Controllers\UploadAttachmentBySku\UploadAttachmentBySku->handler_by_save_post(180)
#3 /home/i/infovokh/body-repair.vold74.ru/public_html/wp-includes/class-wp-hook.php(312): WP_Hook->apply_filters(NULL, Array)
#4 /home/i/infovokh/body-repair.vold74.ru/public_html/wp-includes/plugin.php(478): WP_Hook->do_action(Array)
#5 /home/i/infovokh/body-repair.vold74.ru в /home/i/infovokh/body-repair.vold74.ru/public_html/wp-content/themes/template/Controllers/PostsAndTax/PostProduct.php на строке 46

2020-03-24T13:30:14+00:00 CRITICAL Uncaught Error: Call to a member function get_price() on bool in /home/i/infovokh/body-repair.vold74.ru/public_html/wp-content/themes/template/Controllers/PostsAndTax/PostProduct.php:46
Stack trace:
#0 /home/i/infovokh/body-repair.vold74.ru/public_html/wp-content/themes/template/Controllers/PostsAndTax/PostProduct.php(28): Controllers\PostsAndTax\PostProduct->set_price()
#1 /home/i/infovokh/body-repair.vold74.ru/public_html/wp-content/themes/template/Controllers/UploadAttachmentBySku/UploadAttachmentBySku.php(76): Controllers\PostsAndTax\PostProduct->__construct(NULL)
#2 /home/i/infovokh/body-repair.vold74.ru/public_html/wp-includes/class-wp-hook.php(290): Controllers\UploadAttachmentBySku\UploadAttachmentBySku->handler_by_save_post(721)
#3 /home/i/infovokh/body-repair.vold74.ru/public_html/wp-includes/class-wp-hook.php(312): WP_Hook->apply_filters(NULL, Array)
#4 /home/i/infovokh/body-repair.vold74.ru/public_html/wp-includes/plugin.php(478): WP_Hook->do_action(Array)
#5 /home/i/infovokh/body-repair.vold74.ru в /home/i/infovokh/body-repair.vold74.ru/public_html/wp-content/themes/template/Controllers/PostsAndTax/PostProduct.php на строке 46

2020-03-24T13:30:20+00:00 CRITICAL Uncaught Error: Call to a member function get_price() on bool in /home/i/infovokh/body-repair.vold74.ru/public_html/wp-content/themes/template/Controllers/PostsAndTax/PostProduct.php:46
Stack trace:
#0 /home/i/infovokh/body-repair.vold74.ru/public_html/wp-content/themes/template/Controllers/PostsAndTax/PostProduct.php(28): Controllers\PostsAndTax\PostProduct->set_price()
#1 /home/i/infovokh/body-repair.vold74.ru/public_html/wp-content/themes/template/Controllers/UploadAttachmentBySku/UploadAttachmentBySku.php(76): Controllers\PostsAndTax\PostProduct->__construct(NULL)
#2 /home/i/infovokh/body-repair.vold74.ru/public_html/wp-includes/class-wp-hook.php(290): Controllers\UploadAttachmentBySku\UploadAttachmentBySku->handler_by_save_post(180)
#3 /home/i/infovokh/body-repair.vold74.ru/public_html/wp-includes/class-wp-hook.php(312): WP_Hook->apply_filters(NULL, Array)
#4 /home/i/infovokh/body-repair.vold74.ru/public_html/wp-includes/plugin.php(478): WP_Hook->do_action(Array)
#5 /home/i/infovokh/body-repair.vold74.ru в /home/i/infovokh/body-repair.vold74.ru/public_html/wp-content/themes/template/Controllers/PostsAndTax/PostProduct.php на строке 46

2020-03-24T13:30:26+00:00 CRITICAL Uncaught Error: Call to a member function get_price() on bool in /home/i/infovokh/body-repair.vold74.ru/public_html/wp-content/themes/template/Controllers/PostsAndTax/PostProduct.php:46
Stack trace:
#0 /home/i/infovokh/body-repair.vold74.ru/public_html/wp-content/themes/template/Controllers/PostsAndTax/PostProduct.php(28): Controllers\PostsAndTax\PostProduct->set_price()
#1 /home/i/infovokh/body-repair.vold74.ru/public_html/wp-content/themes/template/Controllers/UploadAttachmentBySku/UploadAttachmentBySku.php(76): Controllers\PostsAndTax\PostProduct->__construct(NULL)
#2 /home/i/infovokh/body-repair.vold74.ru/public_html/wp-includes/class-wp-hook.php(290): Controllers\UploadAttachmentBySku\UploadAttachmentBySku->handler_by_save_post(722)
#3 /home/i/infovokh/body-repair.vold74.ru/public_html/wp-includes/class-wp-hook.php(312): WP_Hook->apply_filters(NULL, Array)
#4 /home/i/infovokh/body-repair.vold74.ru/public_html/wp-includes/plugin.php(478): WP_Hook->do_action(Array)
#5 /home/i/infovokh/body-repair.vold74.ru в /home/i/infovokh/body-repair.vold74.ru/public_html/wp-content/themes/template/Controllers/PostsAndTax/PostProduct.php на строке 46

2020-03-24T13:30:54+00:00 CRITICAL Uncaught Error: Call to a member function get_price() on bool in /home/i/infovokh/body-repair.vold74.ru/public_html/wp-content/themes/template/Controllers/PostsAndTax/PostProduct.php:46
Stack trace:
#0 /home/i/infovokh/body-repair.vold74.ru/public_html/wp-content/themes/template/Controllers/PostsAndTax/PostProduct.php(28): Controllers\PostsAndTax\PostProduct->set_price()
#1 /home/i/infovokh/body-repair.vold74.ru/public_html/wp-content/themes/template/Controllers/UploadAttachmentBySku/UploadAttachmentBySku.php(76): Controllers\PostsAndTax\PostProduct->__construct(NULL)
#2 /home/i/infovokh/body-repair.vold74.ru/public_html/wp-includes/class-wp-hook.php(290): Controllers\UploadAttachmentBySku\UploadAttachmentBySku->handler_by_save_post(180)
#3 /home/i/infovokh/body-repair.vold74.ru/public_html/wp-includes/class-wp-hook.php(312): WP_Hook->apply_filters(NULL, Array)
#4 /home/i/infovokh/body-repair.vold74.ru/public_html/wp-includes/plugin.php(478): WP_Hook->do_action(Array)
#5 /home/i/infovokh/body-repair.vold74.ru в /home/i/infovokh/body-repair.vold74.ru/public_html/wp-content/themes/template/Controllers/PostsAndTax/PostProduct.php на строке 46

2020-03-24T13:30:57+00:00 CRITICAL Uncaught Error: Call to a member function get_price() on bool in /home/i/infovokh/body-repair.vold74.ru/public_html/wp-content/themes/template/Controllers/PostsAndTax/PostProduct.php:46
Stack trace:
#0 /home/i/infovokh/body-repair.vold74.ru/public_html/wp-content/themes/template/Controllers/PostsAndTax/PostProduct.php(28): Controllers\PostsAndTax\PostProduct->set_price()
#1 /home/i/infovokh/body-repair.vold74.ru/public_html/wp-content/themes/template/Controllers/UploadAttachmentBySku/UploadAttachmentBySku.php(76): Controllers\PostsAndTax\PostProduct->__construct(NULL)
#2 /home/i/infovokh/body-repair.vold74.ru/public_html/wp-includes/class-wp-hook.php(290): Controllers\UploadAttachmentBySku\UploadAttachmentBySku->handler_by_save_post(180)
#3 /home/i/infovokh/body-repair.vold74.ru/public_html/wp-includes/class-wp-hook.php(312): WP_Hook->apply_filters(NULL, Array)
#4 /home/i/infovokh/body-repair.vold74.ru/public_html/wp-includes/plugin.php(478): WP_Hook->do_action(Array)
#5 /home/i/infovokh/body-repair.vold74.ru в /home/i/infovokh/body-repair.vold74.ru/public_html/wp-content/themes/template/Controllers/PostsAndTax/PostProduct.php на строке 46

2020-03-24T13:32:26+00:00 CRITICAL Uncaught Error: Call to a member function get_price() on bool in /home/i/infovokh/body-repair.vold74.ru/public_html/wp-content/themes/template/Controllers/PostsAndTax/PostProduct.php:46
Stack trace:
#0 /home/i/infovokh/body-repair.vold74.ru/public_html/wp-content/themes/template/Controllers/PostsAndTax/PostProduct.php(28): Controllers\PostsAndTax\PostProduct->set_price()
#1 /home/i/infovokh/body-repair.vold74.ru/public_html/wp-content/themes/template/Controllers/UploadAttachmentBySku/UploadAttachmentBySku.php(76): Controllers\PostsAndTax\PostProduct->__construct(NULL)
#2 /home/i/infovokh/body-repair.vold74.ru/public_html/wp-includes/class-wp-hook.php(288): Controllers\UploadAttachmentBySku\UploadAttachmentBySku->handler_by_save_post(Object(WP_Post))
#3 /home/i/infovokh/body-repair.vold74.ru/public_html/wp-includes/class-wp-hook.php(312): WP_Hook->apply_filters('', Array)
#4 /home/i/infovokh/body-repair.vold74.ru/public_html/wp-includes/plugin.php(478): WP_Hook->do_action(Array)
#5 /home/i/infovokh/body-repair в /home/i/infovokh/body-repair.vold74.ru/public_html/wp-content/themes/template/Controllers/PostsAndTax/PostProduct.php на строке 46

2020-03-24T13:33:48+00:00 CRITICAL Uncaught Error: Call to a member function get_price() on bool in /home/i/infovokh/body-repair.vold74.ru/public_html/wp-content/themes/template/Controllers/PostsAndTax/PostProduct.php:46
Stack trace:
#0 /home/i/infovokh/body-repair.vold74.ru/public_html/wp-content/themes/template/Controllers/PostsAndTax/PostProduct.php(28): Controllers\PostsAndTax\PostProduct->set_price()
#1 /home/i/infovokh/body-repair.vold74.ru/public_html/wp-content/themes/template/Controllers/UploadAttachmentBySku/UploadAttachmentBySku.php(76): Controllers\PostsAndTax\PostProduct->__construct(NULL)
#2 /home/i/infovokh/body-repair.vold74.ru/public_html/wp-includes/class-wp-hook.php(288): Controllers\UploadAttachmentBySku\UploadAttachmentBySku->handler_by_save_post(Object(WP_Post))
#3 /home/i/infovokh/body-repair.vold74.ru/public_html/wp-includes/class-wp-hook.php(312): WP_Hook->apply_filters('', Array)
#4 /home/i/infovokh/body-repair.vold74.ru/public_html/wp-includes/plugin.php(478): WP_Hook->do_action(Array)
#5 /home/i/infovokh/body-repair в /home/i/infovokh/body-repair.vold74.ru/public_html/wp-content/themes/template/Controllers/PostsAndTax/PostProduct.php на строке 46

2020-03-24T13:33:55+00:00 CRITICAL Uncaught Error: Call to a member function get_price() on bool in /home/i/infovokh/body-repair.vold74.ru/public_html/wp-content/themes/template/Controllers/PostsAndTax/PostProduct.php:46
Stack trace:
#0 /home/i/infovokh/body-repair.vold74.ru/public_html/wp-content/themes/template/Controllers/PostsAndTax/PostProduct.php(28): Controllers\PostsAndTax\PostProduct->set_price()
#1 /home/i/infovokh/body-repair.vold74.ru/public_html/wp-content/themes/template/Controllers/UploadAttachmentBySku/UploadAttachmentBySku.php(76): Controllers\PostsAndTax\PostProduct->__construct(NULL)
#2 /home/i/infovokh/body-repair.vold74.ru/public_html/wp-includes/class-wp-hook.php(290): Controllers\UploadAttachmentBySku\UploadAttachmentBySku->handler_by_save_post(728)
#3 /home/i/infovokh/body-repair.vold74.ru/public_html/wp-includes/class-wp-hook.php(312): WP_Hook->apply_filters(NULL, Array)
#4 /home/i/infovokh/body-repair.vold74.ru/public_html/wp-includes/plugin.php(478): WP_Hook->do_action(Array)
#5 /home/i/infovokh/body-repair.vold74.ru в /home/i/infovokh/body-repair.vold74.ru/public_html/wp-content/themes/template/Controllers/PostsAndTax/PostProduct.php на строке 46

2020-03-24T13:34:02+00:00 CRITICAL Uncaught Error: Call to a member function get_price() on bool in /home/i/infovokh/body-repair.vold74.ru/public_html/wp-content/themes/template/Controllers/PostsAndTax/PostProduct.php:46
Stack trace:
#0 /home/i/infovokh/body-repair.vold74.ru/public_html/wp-content/themes/template/Controllers/PostsAndTax/PostProduct.php(28): Controllers\PostsAndTax\PostProduct->set_price()
#1 /home/i/infovokh/body-repair.vold74.ru/public_html/wp-content/themes/template/Controllers/UploadAttachmentBySku/UploadAttachmentBySku.php(76): Controllers\PostsAndTax\PostProduct->__construct(NULL)
#2 /home/i/infovokh/body-repair.vold74.ru/public_html/wp-includes/class-wp-hook.php(288): Controllers\UploadAttachmentBySku\UploadAttachmentBySku->handler_by_save_post(Object(WP_Post))
#3 /home/i/infovokh/body-repair.vold74.ru/public_html/wp-includes/class-wp-hook.php(312): WP_Hook->apply_filters('', Array)
#4 /home/i/infovokh/body-repair.vold74.ru/public_html/wp-includes/plugin.php(478): WP_Hook->do_action(Array)
#5 /home/i/infovokh/body-repair в /home/i/infovokh/body-repair.vold74.ru/public_html/wp-content/themes/template/Controllers/PostsAndTax/PostProduct.php на строке 46

2020-03-24T13:34:06+00:00 CRITICAL Uncaught Error: Call to a member function get_price() on bool in /home/i/infovokh/body-repair.vold74.ru/public_html/wp-content/themes/template/Controllers/PostsAndTax/PostProduct.php:46
Stack trace:
#0 /home/i/infovokh/body-repair.vold74.ru/public_html/wp-content/themes/template/Controllers/PostsAndTax/PostProduct.php(28): Controllers\PostsAndTax\PostProduct->set_price()
#1 /home/i/infovokh/body-repair.vold74.ru/public_html/wp-content/themes/template/Controllers/UploadAttachmentBySku/UploadAttachmentBySku.php(76): Controllers\PostsAndTax\PostProduct->__construct(NULL)
#2 /home/i/infovokh/body-repair.vold74.ru/public_html/wp-includes/class-wp-hook.php(290): Controllers\UploadAttachmentBySku\UploadAttachmentBySku->handler_by_save_post(730)
#3 /home/i/infovokh/body-repair.vold74.ru/public_html/wp-includes/class-wp-hook.php(312): WP_Hook->apply_filters(NULL, Array)
#4 /home/i/infovokh/body-repair.vold74.ru/public_html/wp-includes/plugin.php(478): WP_Hook->do_action(Array)
#5 /home/i/infovokh/body-repair.vold74.ru в /home/i/infovokh/body-repair.vold74.ru/public_html/wp-content/themes/template/Controllers/PostsAndTax/PostProduct.php на строке 46

2020-03-24T13:35:06+00:00 CRITICAL Uncaught Error: Call to a member function get_price() on bool in /home/i/infovokh/body-repair.vold74.ru/public_html/wp-content/themes/template/Controllers/PostsAndTax/PostProduct.php:46
Stack trace:
#0 /home/i/infovokh/body-repair.vold74.ru/public_html/wp-content/themes/template/Controllers/PostsAndTax/PostProduct.php(28): Controllers\PostsAndTax\PostProduct->set_price()
#1 /home/i/infovokh/body-repair.vold74.ru/public_html/wp-content/themes/template/Controllers/UploadAttachmentBySku/UploadAttachmentBySku.php(76): Controllers\PostsAndTax\PostProduct->__construct(NULL)
#2 /home/i/infovokh/body-repair.vold74.ru/public_html/wp-includes/class-wp-hook.php(290): Controllers\UploadAttachmentBySku\UploadAttachmentBySku->handler_by_save_post(730)
#3 /home/i/infovokh/body-repair.vold74.ru/public_html/wp-includes/class-wp-hook.php(312): WP_Hook->apply_filters(NULL, Array)
#4 /home/i/infovokh/body-repair.vold74.ru/public_html/wp-includes/plugin.php(478): WP_Hook->do_action(Array)
#5 /home/i/infovokh/body-repair.vold74.ru в /home/i/infovokh/body-repair.vold74.ru/public_html/wp-content/themes/template/Controllers/PostsAndTax/PostProduct.php на строке 46

2020-03-24T13:36:06+00:00 CRITICAL Uncaught Error: Call to a member function get_price() on bool in /home/i/infovokh/body-repair.vold74.ru/public_html/wp-content/themes/template/Controllers/PostsAndTax/PostProduct.php:46
Stack trace:
#0 /home/i/infovokh/body-repair.vold74.ru/public_html/wp-content/themes/template/Controllers/PostsAndTax/PostProduct.php(28): Controllers\PostsAndTax\PostProduct->set_price()
#1 /home/i/infovokh/body-repair.vold74.ru/public_html/wp-content/themes/template/Controllers/UploadAttachmentBySku/UploadAttachmentBySku.php(76): Controllers\PostsAndTax\PostProduct->__construct(NULL)
#2 /home/i/infovokh/body-repair.vold74.ru/public_html/wp-includes/class-wp-hook.php(290): Controllers\UploadAttachmentBySku\UploadAttachmentBySku->handler_by_save_post(730)
#3 /home/i/infovokh/body-repair.vold74.ru/public_html/wp-includes/class-wp-hook.php(312): WP_Hook->apply_filters(NULL, Array)
#4 /home/i/infovokh/body-repair.vold74.ru/public_html/wp-includes/plugin.php(478): WP_Hook->do_action(Array)
#5 /home/i/infovokh/body-repair.vold74.ru в /home/i/infovokh/body-repair.vold74.ru/public_html/wp-content/themes/template/Controllers/PostsAndTax/PostProduct.php на строке 46

2020-03-24T13:37:06+00:00 CRITICAL Uncaught Error: Call to a member function get_price() on bool in /home/i/infovokh/body-repair.vold74.ru/public_html/wp-content/themes/template/Controllers/PostsAndTax/PostProduct.php:46
Stack trace:
#0 /home/i/infovokh/body-repair.vold74.ru/public_html/wp-content/themes/template/Controllers/PostsAndTax/PostProduct.php(28): Controllers\PostsAndTax\PostProduct->set_price()
#1 /home/i/infovokh/body-repair.vold74.ru/public_html/wp-content/themes/template/Controllers/UploadAttachmentBySku/UploadAttachmentBySku.php(76): Controllers\PostsAndTax\PostProduct->__construct(NULL)
#2 /home/i/infovokh/body-repair.vold74.ru/public_html/wp-includes/class-wp-hook.php(290): Controllers\UploadAttachmentBySku\UploadAttachmentBySku->handler_by_save_post(730)
#3 /home/i/infovokh/body-repair.vold74.ru/public_html/wp-includes/class-wp-hook.php(312): WP_Hook->apply_filters(NULL, Array)
#4 /home/i/infovokh/body-repair.vold74.ru/public_html/wp-includes/plugin.php(478): WP_Hook->do_action(Array)
#5 /home/i/infovokh/body-repair.vold74.ru в /home/i/infovokh/body-repair.vold74.ru/public_html/wp-content/themes/template/Controllers/PostsAndTax/PostProduct.php на строке 46

2020-03-24T13:38:06+00:00 CRITICAL Uncaught Error: Call to a member function get_price() on bool in /home/i/infovokh/body-repair.vold74.ru/public_html/wp-content/themes/template/Controllers/PostsAndTax/PostProduct.php:46
Stack trace:
#0 /home/i/infovokh/body-repair.vold74.ru/public_html/wp-content/themes/template/Controllers/PostsAndTax/PostProduct.php(28): Controllers\PostsAndTax\PostProduct->set_price()
#1 /home/i/infovokh/body-repair.vold74.ru/public_html/wp-content/themes/template/Controllers/UploadAttachmentBySku/UploadAttachmentBySku.php(76): Controllers\PostsAndTax\PostProduct->__construct(NULL)
#2 /home/i/infovokh/body-repair.vold74.ru/public_html/wp-includes/class-wp-hook.php(290): Controllers\UploadAttachmentBySku\UploadAttachmentBySku->handler_by_save_post(730)
#3 /home/i/infovokh/body-repair.vold74.ru/public_html/wp-includes/class-wp-hook.php(312): WP_Hook->apply_filters(NULL, Array)
#4 /home/i/infovokh/body-repair.vold74.ru/public_html/wp-includes/plugin.php(478): WP_Hook->do_action(Array)
#5 /home/i/infovokh/body-repair.vold74.ru в /home/i/infovokh/body-repair.vold74.ru/public_html/wp-content/themes/template/Controllers/PostsAndTax/PostProduct.php на строке 46

2020-03-24T13:39:06+00:00 CRITICAL Uncaught Error: Call to a member function get_price() on bool in /home/i/infovokh/body-repair.vold74.ru/public_html/wp-content/themes/template/Controllers/PostsAndTax/PostProduct.php:46
Stack trace:
#0 /home/i/infovokh/body-repair.vold74.ru/public_html/wp-content/themes/template/Controllers/PostsAndTax/PostProduct.php(28): Controllers\PostsAndTax\PostProduct->set_price()
#1 /home/i/infovokh/body-repair.vold74.ru/public_html/wp-content/themes/template/Controllers/UploadAttachmentBySku/UploadAttachmentBySku.php(76): Controllers\PostsAndTax\PostProduct->__construct(NULL)
#2 /home/i/infovokh/body-repair.vold74.ru/public_html/wp-includes/class-wp-hook.php(290): Controllers\UploadAttachmentBySku\UploadAttachmentBySku->handler_by_save_post(730)
#3 /home/i/infovokh/body-repair.vold74.ru/public_html/wp-includes/class-wp-hook.php(312): WP_Hook->apply_filters(NULL, Array)
#4 /home/i/infovokh/body-repair.vold74.ru/public_html/wp-includes/plugin.php(478): WP_Hook->do_action(Array)
#5 /home/i/infovokh/body-repair.vold74.ru в /home/i/infovokh/body-repair.vold74.ru/public_html/wp-content/themes/template/Controllers/PostsAndTax/PostProduct.php на строке 46

2020-03-24T13:39:56+00:00 CRITICAL Uncaught Error: Call to a member function get_price() on bool in /home/i/infovokh/body-repair.vold74.ru/public_html/wp-content/themes/template/Controllers/PostsAndTax/PostProduct.php:46
Stack trace:
#0 /home/i/infovokh/body-repair.vold74.ru/public_html/wp-content/themes/template/Controllers/PostsAndTax/PostProduct.php(28): Controllers\PostsAndTax\PostProduct->set_price()
#1 /home/i/infovokh/body-repair.vold74.ru/public_html/wp-content/themes/template/Controllers/UploadAttachmentBySku/UploadAttachmentBySku.php(76): Controllers\PostsAndTax\PostProduct->__construct(NULL)
#2 /home/i/infovokh/body-repair.vold74.ru/public_html/wp-includes/class-wp-hook.php(290): Controllers\UploadAttachmentBySku\UploadAttachmentBySku->handler_by_save_post(205)
#3 /home/i/infovokh/body-repair.vold74.ru/public_html/wp-includes/class-wp-hook.php(312): WP_Hook->apply_filters(NULL, Array)
#4 /home/i/infovokh/body-repair.vold74.ru/public_html/wp-includes/plugin.php(478): WP_Hook->do_action(Array)
#5 /home/i/infovokh/body-repair.vold74.ru в /home/i/infovokh/body-repair.vold74.ru/public_html/wp-content/themes/template/Controllers/PostsAndTax/PostProduct.php на строке 46

2020-03-24T13:40:00+00:00 CRITICAL Uncaught Error: Call to a member function get_price() on bool in /home/i/infovokh/body-repair.vold74.ru/public_html/wp-content/themes/template/Controllers/PostsAndTax/PostProduct.php:46
Stack trace:
#0 /home/i/infovokh/body-repair.vold74.ru/public_html/wp-content/themes/template/Controllers/PostsAndTax/PostProduct.php(28): Controllers\PostsAndTax\PostProduct->set_price()
#1 /home/i/infovokh/body-repair.vold74.ru/public_html/wp-content/themes/template/Controllers/UploadAttachmentBySku/UploadAttachmentBySku.php(76): Controllers\PostsAndTax\PostProduct->__construct(NULL)
#2 /home/i/infovokh/body-repair.vold74.ru/public_html/wp-includes/class-wp-hook.php(290): Controllers\UploadAttachmentBySku\UploadAttachmentBySku->handler_by_save_post(205)
#3 /home/i/infovokh/body-repair.vold74.ru/public_html/wp-includes/class-wp-hook.php(312): WP_Hook->apply_filters(NULL, Array)
#4 /home/i/infovokh/body-repair.vold74.ru/public_html/wp-includes/plugin.php(478): WP_Hook->do_action(Array)
#5 /home/i/infovokh/body-repair.vold74.ru в /home/i/infovokh/body-repair.vold74.ru/public_html/wp-content/themes/template/Controllers/PostsAndTax/PostProduct.php на строке 46

2020-03-24T13:40:02+00:00 CRITICAL Uncaught Error: Call to a member function get_price() on bool in /home/i/infovokh/body-repair.vold74.ru/public_html/wp-content/themes/template/Controllers/PostsAndTax/PostProduct.php:46
Stack trace:
#0 /home/i/infovokh/body-repair.vold74.ru/public_html/wp-content/themes/template/Controllers/PostsAndTax/PostProduct.php(28): Controllers\PostsAndTax\PostProduct->set_price()
#1 /home/i/infovokh/body-repair.vold74.ru/public_html/wp-content/themes/template/Controllers/UploadAttachmentBySku/UploadAttachmentBySku.php(76): Controllers\PostsAndTax\PostProduct->__construct(NULL)
#2 /home/i/infovokh/body-repair.vold74.ru/public_html/wp-includes/class-wp-hook.php(290): Controllers\UploadAttachmentBySku\UploadAttachmentBySku->handler_by_save_post(205)
#3 /home/i/infovokh/body-repair.vold74.ru/public_html/wp-includes/class-wp-hook.php(312): WP_Hook->apply_filters(NULL, Array)
#4 /home/i/infovokh/body-repair.vold74.ru/public_html/wp-includes/plugin.php(478): WP_Hook->do_action(Array)
#5 /home/i/infovokh/body-repair.vold74.ru в /home/i/infovokh/body-repair.vold74.ru/public_html/wp-content/themes/template/Controllers/PostsAndTax/PostProduct.php на строке 46

2020-03-24T13:40:05+00:00 CRITICAL Uncaught Error: Call to a member function get_price() on bool in /home/i/infovokh/body-repair.vold74.ru/public_html/wp-content/themes/template/Controllers/PostsAndTax/PostProduct.php:46
Stack trace:
#0 /home/i/infovokh/body-repair.vold74.ru/public_html/wp-content/themes/template/Controllers/PostsAndTax/PostProduct.php(28): Controllers\PostsAndTax\PostProduct->set_price()
#1 /home/i/infovokh/body-repair.vold74.ru/public_html/wp-content/themes/template/Controllers/UploadAttachmentBySku/UploadAttachmentBySku.php(76): Controllers\PostsAndTax\PostProduct->__construct(NULL)
#2 /home/i/infovokh/body-repair.vold74.ru/public_html/wp-includes/class-wp-hook.php(290): Controllers\UploadAttachmentBySku\UploadAttachmentBySku->handler_by_save_post(205)
#3 /home/i/infovokh/body-repair.vold74.ru/public_html/wp-includes/class-wp-hook.php(312): WP_Hook->apply_filters(NULL, Array)
#4 /home/i/infovokh/body-repair.vold74.ru/public_html/wp-includes/plugin.php(478): WP_Hook->do_action(Array)
#5 /home/i/infovokh/body-repair.vold74.ru в /home/i/infovokh/body-repair.vold74.ru/public_html/wp-content/themes/template/Controllers/PostsAndTax/PostProduct.php на строке 46

2020-03-24T13:40:50+00:00 CRITICAL Uncaught Error: Call to a member function get_price() on bool in /home/i/infovokh/body-repair.vold74.ru/public_html/wp-content/themes/template/Controllers/PostsAndTax/PostProduct.php:46
Stack trace:
#0 /home/i/infovokh/body-repair.vold74.ru/public_html/wp-content/themes/template/Controllers/PostsAndTax/PostProduct.php(28): Controllers\PostsAndTax\PostProduct->set_price()
#1 /home/i/infovokh/body-repair.vold74.ru/public_html/wp-content/themes/template/Controllers/UploadAttachmentBySku/UploadAttachmentBySku.php(76): Controllers\PostsAndTax\PostProduct->__construct(NULL)
#2 /home/i/infovokh/body-repair.vold74.ru/public_html/wp-includes/class-wp-hook.php(288): Controllers\UploadAttachmentBySku\UploadAttachmentBySku->handler_by_save_post(Object(WP_Post))
#3 /home/i/infovokh/body-repair.vold74.ru/public_html/wp-includes/class-wp-hook.php(312): WP_Hook->apply_filters('', Array)
#4 /home/i/infovokh/body-repair.vold74.ru/public_html/wp-includes/plugin.php(478): WP_Hook->do_action(Array)
#5 /home/i/infovokh/body-repair в /home/i/infovokh/body-repair.vold74.ru/public_html/wp-content/themes/template/Controllers/PostsAndTax/PostProduct.php на строке 46

2020-03-24T13:41:26+00:00 CRITICAL Uncaught Error: Call to a member function get_price() on bool in /home/i/infovokh/body-repair.vold74.ru/public_html/wp-content/themes/template/Controllers/PostsAndTax/PostProduct.php:46
Stack trace:
#0 /home/i/infovokh/body-repair.vold74.ru/public_html/wp-content/themes/template/Controllers/PostsAndTax/PostProduct.php(28): Controllers\PostsAndTax\PostProduct->set_price()
#1 /home/i/infovokh/body-repair.vold74.ru/public_html/wp-content/themes/template/Controllers/UploadAttachmentBySku/UploadAttachmentBySku.php(76): Controllers\PostsAndTax\PostProduct->__construct(NULL)
#2 /home/i/infovokh/body-repair.vold74.ru/public_html/wp-includes/class-wp-hook.php(290): Controllers\UploadAttachmentBySku\UploadAttachmentBySku->handler_by_save_post(737)
#3 /home/i/infovokh/body-repair.vold74.ru/public_html/wp-includes/class-wp-hook.php(312): WP_Hook->apply_filters(NULL, Array)
#4 /home/i/infovokh/body-repair.vold74.ru/public_html/wp-includes/plugin.php(478): WP_Hook->do_action(Array)
#5 /home/i/infovokh/body-repair.vold74.ru в /home/i/infovokh/body-repair.vold74.ru/public_html/wp-content/themes/template/Controllers/PostsAndTax/PostProduct.php на строке 46

2020-03-24T13:42:22+00:00 CRITICAL Uncaught Error: Call to a member function get_price() on bool in /home/i/infovokh/body-repair.vold74.ru/public_html/wp-content/themes/template/Controllers/PostsAndTax/PostProduct.php:46
Stack trace:
#0 /home/i/infovokh/body-repair.vold74.ru/public_html/wp-content/themes/template/Controllers/PostsAndTax/PostProduct.php(28): Controllers\PostsAndTax\PostProduct->set_price()
#1 /home/i/infovokh/body-repair.vold74.ru/public_html/wp-content/themes/template/Controllers/UploadAttachmentBySku/UploadAttachmentBySku.php(76): Controllers\PostsAndTax\PostProduct->__construct(NULL)
#2 /home/i/infovokh/body-repair.vold74.ru/public_html/wp-includes/class-wp-hook.php(288): Controllers\UploadAttachmentBySku\UploadAttachmentBySku->handler_by_save_post(Object(WP_Post))
#3 /home/i/infovokh/body-repair.vold74.ru/public_html/wp-includes/class-wp-hook.php(312): WP_Hook->apply_filters('', Array)
#4 /home/i/infovokh/body-repair.vold74.ru/public_html/wp-includes/plugin.php(478): WP_Hook->do_action(Array)
#5 /home/i/infovokh/body-repair в /home/i/infovokh/body-repair.vold74.ru/public_html/wp-content/themes/template/Controllers/PostsAndTax/PostProduct.php на строке 46

2020-03-24T13:42:25+00:00 CRITICAL Uncaught Error: Call to a member function get_price() on bool in /home/i/infovokh/body-repair.vold74.ru/public_html/wp-content/themes/template/Controllers/PostsAndTax/PostProduct.php:46
Stack trace:
#0 /home/i/infovokh/body-repair.vold74.ru/public_html/wp-content/themes/template/Controllers/PostsAndTax/PostProduct.php(28): Controllers\PostsAndTax\PostProduct->set_price()
#1 /home/i/infovokh/body-repair.vold74.ru/public_html/wp-content/themes/template/Controllers/UploadAttachmentBySku/UploadAttachmentBySku.php(76): Controllers\PostsAndTax\PostProduct->__construct(NULL)
#2 /home/i/infovokh/body-repair.vold74.ru/public_html/wp-includes/class-wp-hook.php(290): Controllers\UploadAttachmentBySku\UploadAttachmentBySku->handler_by_save_post(740)
#3 /home/i/infovokh/body-repair.vold74.ru/public_html/wp-includes/class-wp-hook.php(312): WP_Hook->apply_filters(NULL, Array)
#4 /home/i/infovokh/body-repair.vold74.ru/public_html/wp-includes/plugin.php(478): WP_Hook->do_action(Array)
#5 /home/i/infovokh/body-repair.vold74.ru в /home/i/infovokh/body-repair.vold74.ru/public_html/wp-content/themes/template/Controllers/PostsAndTax/PostProduct.php на строке 46

2020-03-24T13:43:44+00:00 CRITICAL Uncaught Error: Call to a member function get_price() on bool in /home/i/infovokh/body-repair.vold74.ru/public_html/wp-content/themes/template/Controllers/PostsAndTax/PostProduct.php:46
Stack trace:
#0 /home/i/infovokh/body-repair.vold74.ru/public_html/wp-content/themes/template/Controllers/PostsAndTax/PostProduct.php(28): Controllers\PostsAndTax\PostProduct->set_price()
#1 /home/i/infovokh/body-repair.vold74.ru/public_html/wp-content/themes/template/Controllers/UploadAttachmentBySku/UploadAttachmentBySku.php(76): Controllers\PostsAndTax\PostProduct->__construct(NULL)
#2 /home/i/infovokh/body-repair.vold74.ru/public_html/wp-includes/class-wp-hook.php(288): Controllers\UploadAttachmentBySku\UploadAttachmentBySku->handler_by_save_post(Object(WP_Post))
#3 /home/i/infovokh/body-repair.vold74.ru/public_html/wp-includes/class-wp-hook.php(312): WP_Hook->apply_filters('', Array)
#4 /home/i/infovokh/body-repair.vold74.ru/public_html/wp-includes/plugin.php(478): WP_Hook->do_action(Array)
#5 /home/i/infovokh/body-repair в /home/i/infovokh/body-repair.vold74.ru/public_html/wp-content/themes/template/Controllers/PostsAndTax/PostProduct.php на строке 46

2020-03-24T13:44:25+00:00 CRITICAL Uncaught Error: Call to a member function get_price() on bool in /home/i/infovokh/body-repair.vold74.ru/public_html/wp-content/themes/template/Controllers/PostsAndTax/PostProduct.php:46
Stack trace:
#0 /home/i/infovokh/body-repair.vold74.ru/public_html/wp-content/themes/template/Controllers/PostsAndTax/PostProduct.php(28): Controllers\PostsAndTax\PostProduct->set_price()
#1 /home/i/infovokh/body-repair.vold74.ru/public_html/wp-content/themes/template/Controllers/UploadAttachmentBySku/UploadAttachmentBySku.php(76): Controllers\PostsAndTax\PostProduct->__construct(NULL)
#2 /home/i/infovokh/body-repair.vold74.ru/public_html/wp-includes/class-wp-hook.php(290): Controllers\UploadAttachmentBySku\UploadAttachmentBySku->handler_by_save_post(182)
#3 /home/i/infovokh/body-repair.vold74.ru/public_html/wp-includes/class-wp-hook.php(312): WP_Hook->apply_filters(NULL, Array)
#4 /home/i/infovokh/body-repair.vold74.ru/public_html/wp-includes/plugin.php(478): WP_Hook->do_action(Array)
#5 /home/i/infovokh/body-repair.vold74.ru в /home/i/infovokh/body-repair.vold74.ru/public_html/wp-content/themes/template/Controllers/PostsAndTax/PostProduct.php на строке 46

2020-03-24T13:45:13+00:00 CRITICAL Uncaught Error: Call to a member function get_price() on bool in /home/i/infovokh/body-repair.vold74.ru/public_html/wp-content/themes/template/Controllers/PostsAndTax/PostProduct.php:46
Stack trace:
#0 /home/i/infovokh/body-repair.vold74.ru/public_html/wp-content/themes/template/Controllers/PostsAndTax/PostProduct.php(28): Controllers\PostsAndTax\PostProduct->set_price()
#1 /home/i/infovokh/body-repair.vold74.ru/public_html/wp-content/themes/template/Controllers/UploadAttachmentBySku/UploadAttachmentBySku.php(76): Controllers\PostsAndTax\PostProduct->__construct(NULL)
#2 /home/i/infovokh/body-repair.vold74.ru/public_html/wp-includes/class-wp-hook.php(290): Controllers\UploadAttachmentBySku\UploadAttachmentBySku->handler_by_save_post(182)
#3 /home/i/infovokh/body-repair.vold74.ru/public_html/wp-includes/class-wp-hook.php(312): WP_Hook->apply_filters(NULL, Array)
#4 /home/i/infovokh/body-repair.vold74.ru/public_html/wp-includes/plugin.php(478): WP_Hook->do_action(Array)
#5 /home/i/infovokh/body-repair.vold74.ru в /home/i/infovokh/body-repair.vold74.ru/public_html/wp-content/themes/template/Controllers/PostsAndTax/PostProduct.php на строке 46

2020-03-24T13:45:28+00:00 CRITICAL Uncaught Error: Call to a member function get_price() on bool in /home/i/infovokh/body-repair.vold74.ru/public_html/wp-content/themes/template/Controllers/PostsAndTax/PostProduct.php:46
Stack trace:
#0 /home/i/infovokh/body-repair.vold74.ru/public_html/wp-content/themes/template/Controllers/PostsAndTax/PostProduct.php(28): Controllers\PostsAndTax\PostProduct->set_price()
#1 /home/i/infovokh/body-repair.vold74.ru/public_html/wp-content/themes/template/Controllers/UploadAttachmentBySku/UploadAttachmentBySku.php(76): Controllers\PostsAndTax\PostProduct->__construct(NULL)
#2 /home/i/infovokh/body-repair.vold74.ru/public_html/wp-includes/class-wp-hook.php(288): Controllers\UploadAttachmentBySku\UploadAttachmentBySku->handler_by_save_post(Object(WP_Post))
#3 /home/i/infovokh/body-repair.vold74.ru/public_html/wp-includes/class-wp-hook.php(312): WP_Hook->apply_filters('', Array)
#4 /home/i/infovokh/body-repair.vold74.ru/public_html/wp-includes/plugin.php(478): WP_Hook->do_action(Array)
#5 /home/i/infovokh/body-repair в /home/i/infovokh/body-repair.vold74.ru/public_html/wp-content/themes/template/Controllers/PostsAndTax/PostProduct.php на строке 46

2020-03-24T13:45:41+00:00 CRITICAL Uncaught Error: Call to a member function get_price() on bool in /home/i/infovokh/body-repair.vold74.ru/public_html/wp-content/themes/template/Controllers/PostsAndTax/PostProduct.php:46
Stack trace:
#0 /home/i/infovokh/body-repair.vold74.ru/public_html/wp-content/themes/template/Controllers/PostsAndTax/PostProduct.php(28): Controllers\PostsAndTax\PostProduct->set_price()
#1 /home/i/infovokh/body-repair.vold74.ru/public_html/wp-content/themes/template/Controllers/UploadAttachmentBySku/UploadAttachmentBySku.php(76): Controllers\PostsAndTax\PostProduct->__construct(NULL)
#2 /home/i/infovokh/body-repair.vold74.ru/public_html/wp-includes/class-wp-hook.php(290): Controllers\UploadAttachmentBySku\UploadAttachmentBySku->handler_by_save_post(180)
#3 /home/i/infovokh/body-repair.vold74.ru/public_html/wp-includes/class-wp-hook.php(312): WP_Hook->apply_filters(NULL, Array)
#4 /home/i/infovokh/body-repair.vold74.ru/public_html/wp-includes/plugin.php(478): WP_Hook->do_action(Array)
#5 /home/i/infovokh/body-repair.vold74.ru в /home/i/infovokh/body-repair.vold74.ru/public_html/wp-content/themes/template/Controllers/PostsAndTax/PostProduct.php на строке 46

2020-03-24T13:46:04+00:00 CRITICAL Uncaught Error: Call to a member function get_price() on bool in /home/i/infovokh/body-repair.vold74.ru/public_html/wp-content/themes/template/Controllers/PostsAndTax/PostProduct.php:46
Stack trace:
#0 /home/i/infovokh/body-repair.vold74.ru/public_html/wp-content/themes/template/Controllers/PostsAndTax/PostProduct.php(28): Controllers\PostsAndTax\PostProduct->set_price()
#1 /home/i/infovokh/body-repair.vold74.ru/public_html/wp-content/themes/template/Controllers/UploadAttachmentBySku/UploadAttachmentBySku.php(76): Controllers\PostsAndTax\PostProduct->__construct(NULL)
#2 /home/i/infovokh/body-repair.vold74.ru/public_html/wp-includes/class-wp-hook.php(288): Controllers\UploadAttachmentBySku\UploadAttachmentBySku->handler_by_save_post(Object(WP_Post))
#3 /home/i/infovokh/body-repair.vold74.ru/public_html/wp-includes/class-wp-hook.php(312): WP_Hook->apply_filters('', Array)
#4 /home/i/infovokh/body-repair.vold74.ru/public_html/wp-includes/plugin.php(478): WP_Hook->do_action(Array)
#5 /home/i/infovokh/body-repair в /home/i/infovokh/body-repair.vold74.ru/public_html/wp-content/themes/template/Controllers/PostsAndTax/PostProduct.php на строке 46

2020-03-24T13:46:07+00:00 CRITICAL Uncaught Error: Call to a member function get_price() on bool in /home/i/infovokh/body-repair.vold74.ru/public_html/wp-content/themes/template/Controllers/PostsAndTax/PostProduct.php:46
Stack trace:
#0 /home/i/infovokh/body-repair.vold74.ru/public_html/wp-content/themes/template/Controllers/PostsAndTax/PostProduct.php(28): Controllers\PostsAndTax\PostProduct->set_price()
#1 /home/i/infovokh/body-repair.vold74.ru/public_html/wp-content/themes/template/Controllers/UploadAttachmentBySku/UploadAttachmentBySku.php(76): Controllers\PostsAndTax\PostProduct->__construct(NULL)
#2 /home/i/infovokh/body-repair.vold74.ru/public_html/wp-includes/class-wp-hook.php(288): Controllers\UploadAttachmentBySku\UploadAttachmentBySku->handler_by_save_post(Object(WP_Post))
#3 /home/i/infovokh/body-repair.vold74.ru/public_html/wp-includes/class-wp-hook.php(312): WP_Hook->apply_filters('', Array)
#4 /home/i/infovokh/body-repair.vold74.ru/public_html/wp-includes/plugin.php(478): WP_Hook->do_action(Array)
#5 /home/i/infovokh/body-repair в /home/i/infovokh/body-repair.vold74.ru/public_html/wp-content/themes/template/Controllers/PostsAndTax/PostProduct.php на строке 46

2020-03-24T13:46:15+00:00 CRITICAL Uncaught Error: Call to a member function get_price() on bool in /home/i/infovokh/body-repair.vold74.ru/public_html/wp-content/themes/template/Controllers/PostsAndTax/PostProduct.php:46
Stack trace:
#0 /home/i/infovokh/body-repair.vold74.ru/public_html/wp-content/themes/template/Controllers/PostsAndTax/PostProduct.php(28): Controllers\PostsAndTax\PostProduct->set_price()
#1 /home/i/infovokh/body-repair.vold74.ru/public_html/wp-content/themes/template/Controllers/UploadAttachmentBySku/UploadAttachmentBySku.php(76): Controllers\PostsAndTax\PostProduct->__construct(NULL)
#2 /home/i/infovokh/body-repair.vold74.ru/public_html/wp-includes/class-wp-hook.php(290): Controllers\UploadAttachmentBySku\UploadAttachmentBySku->handler_by_save_post(751)
#3 /home/i/infovokh/body-repair.vold74.ru/public_html/wp-includes/class-wp-hook.php(312): WP_Hook->apply_filters(NULL, Array)
#4 /home/i/infovokh/body-repair.vold74.ru/public_html/wp-includes/plugin.php(478): WP_Hook->do_action(Array)
#5 /home/i/infovokh/body-repair.vold74.ru в /home/i/infovokh/body-repair.vold74.ru/public_html/wp-content/themes/template/Controllers/PostsAndTax/PostProduct.php на строке 46

