2020-03-13T09:48:13+00:00 CRITICAL Uncaught UnexpectedValueException: RecursiveDirectoryIterator::__construct(/home/i/infovokh/body-repair.vold74.ru/public_html/wp-content/uploads/wp-less): failed to open dir: No such file or directory in /home/i/infovokh/body-repair.vold74.ru/public_html/wp-content/plugins/wp-less/lib/Garbagecollector.class.php:47
Stack trace:
#0 /home/i/infovokh/body-repair.vold74.ru/public_html/wp-content/plugins/wp-less/lib/Garbagecollector.class.php(47): RecursiveDirectoryIterator->__construct('/home/i/infovok...')
#1 /home/i/infovokh/body-repair.vold74.ru/public_html/wp-content/plugins/wp-less/lib/Garbagecollector.class.php(28): WPLessGarbagecollector->getOutdatedFiles(432000)
#2 /home/i/infovokh/body-repair.vold74.ru/public_html/wp-includes/class-wp-hook.php(288): WPLessGarbagecollector->clean()
#3 /home/i/infovokh/body-repair.vold74.ru/public_html/wp-includes/class-wp-hook.php(312): WP_Hook->apply_filters('', Array)
#4 /home/i/infovokh/body-repair.vold74.ru/public_html/wp-includes/plugin.php(544): WP_Hook->do_action(Ar в /home/i/infovokh/body-repair.vold74.ru/public_html/wp-content/plugins/wp-less/lib/Garbagecollector.class.php на строке 47

2020-03-13T12:15:51+00:00 CRITICAL Uncaught UnexpectedValueException: RecursiveDirectoryIterator::__construct(/home/i/infovokh/body-repair.vold74.ru/public_html/wp-content/uploads/wp-less): failed to open dir: No such file or directory in /home/i/infovokh/body-repair.vold74.ru/public_html/wp-content/plugins/wp-less/lib/Garbagecollector.class.php:47
Stack trace:
#0 /home/i/infovokh/body-repair.vold74.ru/public_html/wp-content/plugins/wp-less/lib/Garbagecollector.class.php(47): RecursiveDirectoryIterator->__construct('/home/i/infovok...')
#1 /home/i/infovokh/body-repair.vold74.ru/public_html/wp-content/plugins/wp-less/lib/Garbagecollector.class.php(28): WPLessGarbagecollector->getOutdatedFiles(432000)
#2 /home/i/infovokh/body-repair.vold74.ru/public_html/wp-includes/class-wp-hook.php(288): WPLessGarbagecollector->clean()
#3 /home/i/infovokh/body-repair.vold74.ru/public_html/wp-includes/class-wp-hook.php(312): WP_Hook->apply_filters('', Array)
#4 /home/i/infovokh/body-repair.vold74.ru/public_html/wp-includes/plugin.php(544): WP_Hook->do_action(Ar в /home/i/infovokh/body-repair.vold74.ru/public_html/wp-content/plugins/wp-less/lib/Garbagecollector.class.php на строке 47

2020-03-13T12:31:57+00:00 CRITICAL Uncaught ArgumentCountError: Too few arguments to function WC_Product::get_attribute(), 0 passed in /home/i/infovokh/body-repair.vold74.ru/public_html/wp-content/themes/template/template-parts/template-single_cardProduct.php on line 11 and exactly 1 expected in /home/i/infovokh/body-repair.vold74.ru/public_html/wp-content/plugins/woocommerce/includes/abstracts/abstract-wc-product.php:1873
Stack trace:
#0 /home/i/infovokh/body-repair.vold74.ru/public_html/wp-content/themes/template/template-parts/template-single_cardProduct.php(11): WC_Product->get_attribute()
#1 /home/i/infovokh/body-repair.vold74.ru/public_html/wp-includes/template.php(724): require('/home/i/infovok...')
#2 /home/i/infovokh/body-repair.vold74.ru/public_html/wp-includes/template.php(671): load_template('/home/i/infovok...', false)
#3 /home/i/infovokh/body-repair.vold74.ru/public_html/wp-includes/general-template.php(168): locate_template(Array, true, false)
#4 /home/i/infovokh/body-repair.vold74.ru/public_html/wp-content/themes/template/singl в /home/i/infovokh/body-repair.vold74.ru/public_html/wp-content/plugins/woocommerce/includes/abstracts/abstract-wc-product.php на строке 1873

2020-03-13T12:35:43+00:00 CRITICAL Uncaught Error: Call to undefined method WC_Product_Simple::get_available_variations() in /home/i/infovokh/body-repair.vold74.ru/public_html/wp-content/themes/template/template-parts/template-single_cardProduct.php:11
Stack trace:
#0 /home/i/infovokh/body-repair.vold74.ru/public_html/wp-includes/template.php(724): require()
#1 /home/i/infovokh/body-repair.vold74.ru/public_html/wp-includes/template.php(671): load_template('/home/i/infovok...', false)
#2 /home/i/infovokh/body-repair.vold74.ru/public_html/wp-includes/general-template.php(168): locate_template(Array, true, false)
#3 /home/i/infovokh/body-repair.vold74.ru/public_html/wp-content/themes/template/single-product.php(2): get_template_part('template-parts/...')
#4 /home/i/infovokh/body-repair.vold74.ru/public_html/wp-includes/template-loader.php(98): include('/home/i/infovok...')
#5 /home/i/infovokh/body-repair.vold74.ru/public_html/wp-blog-header.php(19): require_once('/home/i/infovok...')
#6 /home/i/infovokh/body-repair.vold74.ru/public_html/index.php в /home/i/infovokh/body-repair.vold74.ru/public_html/wp-content/themes/template/template-parts/template-single_cardProduct.php на строке 11

2020-03-13T12:47:39+00:00 CRITICAL syntax error, unexpected ';', expecting ')' в /home/i/infovokh/body-repair.vold74.ru/public_html/wp-content/themes/template/template-parts/template-single_cardProduct.php на строке 11

